<?xml version="1.0" encoding="UTF-8"?>
<testsuite xmlns:xsi="http://www.w3.org/2001/XMLSchema-instance" xsi:schemaLocation="https://maven.apache.org/surefire/maven-surefire-plugin/xsd/surefire-test-report.xsd" name="TestSuite" time="45.228" tests="3" errors="0" skipped="0" failures="3">
  <properties>
    <property name="java.runtime.name" value="Java(TM) SE Runtime Environment"/>
    <property name="sun.boot.library.path" value="C:\Program Files\Java\jdk1.8.0_231\jre\bin"/>
    <property name="java.vm.version" value="25.231-b11"/>
    <property name="java.vm.vendor" value="Oracle Corporation"/>
    <property name="maven.multiModuleProjectDirectory" value="C:\Users\MadhurVK\eclipse-workspace\UnisysTestAutomation"/>
    <property name="java.vendor.url" value="http://java.oracle.com/"/>
    <property name="path.separator" value=";"/>
    <property name="guice.disable.misplaced.annotation.check" value="true"/>
    <property name="java.vm.name" value="Java HotSpot(TM) 64-Bit Server VM"/>
    <property name="file.encoding.pkg" value="sun.io"/>
    <property name="user.script" value=""/>
    <property name="user.country" value="US"/>
    <property name="sun.java.launcher" value="SUN_STANDARD"/>
    <property name="sun.os.patch.level" value=""/>
    <property name="java.vm.specification.name" value="Java Virtual Machine Specification"/>
    <property name="user.dir" value="C:\Users\MadhurVK\eclipse-workspace\UnisysTestAutomation"/>
    <property name="java.runtime.version" value="1.8.0_231-b11"/>
    <property name="java.awt.graphicsenv" value="sun.awt.Win32GraphicsEnvironment"/>
    <property name="java.endorsed.dirs" value="C:\Program Files\Java\jdk1.8.0_231\jre\lib\endorsed"/>
    <property name="os.arch" value="amd64"/>
    <property name="java.io.tmpdir" value="C:\Users\MadhurVK\AppData\Local\Temp\"/>
    <property name="line.separator" value="&#10;"/>
    <property name="java.vm.specification.vendor" value="Oracle Corporation"/>
    <property name="user.variant" value=""/>
    <property name="os.name" value="Windows 10"/>
    <property name="classworlds.conf" value="C:\Users\MadhurVK\eclipse-workspace\.metadata\.plugins\org.eclipse.m2e.launching\launches\m2conf3729794191884992314.tmp"/>
    <property name="sun.jnu.encoding" value="Cp1252"/>
    <property name="java.library.path" value="C:\Program Files\Java\jdk1.8.0_231\bin;C:\Windows\Sun\Java\bin;C:\Windows\system32;C:\Windows;C:/Program Files/Java/jre1.8.0_231/bin/server;C:/Program Files/Java/jre1.8.0_231/bin;C:/Program Files/Java/jre1.8.0_231/lib/amd64;C:\Program Files (x86)\Common Files\Oracle\Java\javapath;C:\Program Files (x86)\Intel\iCLS Client\;C:\Program Files\Intel\iCLS Client\;C:\Windows\system32;C:\Windows;C:\Windows\System32\Wbem;C:\Windows\System32\WindowsPowerShell\v1.0\;C:\Windows\System32\OpenSSH\;C:\Program Files (x86)\Intel\Intel(R) Management Engine Components\DAL;C:\Program Files\Intel\Intel(R) Management Engine Components\DAL;C:\Program Files (x86)\Intel\Intel(R) Management Engine Components\IPT;C:\Program Files\Intel\Intel(R) Management Engine Components\IPT;C:\Program Files\Java\jre1.8.0_231\bin;C:\Users\MadhurVK\AppData\Local\Microsoft\WindowsApps;C:\Users\MadhurVK\AppData\Local\GitHubDesktop\bin;C:\Users\MadhurVK\Desktop;;."/>
    <property name="java.specification.name" value="Java Platform API Specification"/>
    <property name="java.class.version" value="52.0"/>
    <property name="sun.management.compiler" value="HotSpot 64-Bit Tiered Compilers"/>
    <property name="os.version" value="10.0"/>
    <property name="user.home" value="C:\Users\MadhurVK"/>
    <property name="user.timezone" value="Asia/Calcutta"/>
    <property name="java.awt.printerjob" value="sun.awt.windows.WPrinterJob"/>
    <property name="java.specification.version" value="1.8"/>
    <property name="file.encoding" value="Cp1252"/>
    <property name="user.name" value="MadhurVK"/>
    <property name="java.class.path" value="C:\Users\MadhurVK\.p2\pool\plugins\org.eclipse.m2e.maven.runtime_1.13.0.20190716-1623\jars\plexus-classworlds-2.6.0.jar"/>
    <property name="java.vm.specification.version" value="1.8"/>
    <property name="sun.arch.data.model" value="64"/>
    <property name="java.home" value="C:\Program Files\Java\jdk1.8.0_231\jre"/>
    <property name="sun.java.command" value="org.codehaus.plexus.classworlds.launcher.Launcher -B clean install compile test"/>
    <property name="java.specification.vendor" value="Oracle Corporation"/>
    <property name="user.language" value="en"/>
    <property name="awt.toolkit" value="sun.awt.windows.WToolkit"/>
    <property name="java.vm.info" value="mixed mode"/>
    <property name="java.version" value="1.8.0_231"/>
    <property name="java.ext.dirs" value="C:\Program Files\Java\jdk1.8.0_231\jre\lib\ext;C:\Windows\Sun\Java\lib\ext"/>
    <property name="sun.boot.class.path" value="C:\Program Files\Java\jdk1.8.0_231\jre\lib\resources.jar;C:\Program Files\Java\jdk1.8.0_231\jre\lib\rt.jar;C:\Program Files\Java\jdk1.8.0_231\jre\lib\sunrsasign.jar;C:\Program Files\Java\jdk1.8.0_231\jre\lib\jsse.jar;C:\Program Files\Java\jdk1.8.0_231\jre\lib\jce.jar;C:\Program Files\Java\jdk1.8.0_231\jre\lib\charsets.jar;C:\Program Files\Java\jdk1.8.0_231\jre\lib\jfr.jar;C:\Program Files\Java\jdk1.8.0_231\jre\classes"/>
    <property name="java.vendor" value="Oracle Corporation"/>
    <property name="maven.home" value="C:\Users\MadhurVK\eclipse-workspace\UnisysTestAutomation\EMBEDDED"/>
    <property name="file.separator" value="\"/>
    <property name="java.vendor.url.bug" value="http://bugreport.sun.com/bugreport/"/>
    <property name="sun.cpu.endian" value="little"/>
    <property name="sun.io.unicode.encoding" value="UnicodeLittle"/>
    <property name="sun.desktop" value="windows"/>
    <property name="sun.cpu.isalist" value="amd64"/>
  </properties>
  <testcase name="validLogin" classname="scripts.TestValidLogin" time="12.931">
    <failure message="The following asserts failed:&#10;	expected [https://inteliserve.unisys] but found [https://inteliserve.unisys.com/demo/dashboard#access_token=eyJraWQiOiIwamR1RkJHTXZsbEdHUHBHd0NqdlB0cldhdXlIWk96TjJiSGNiT3lxbktjPSIsImFsZyI6IlJTMjU2In0.eyJzdWIiOiIxNzUwYzE3My1lZjBhLTQ1ZTAtOWJkYy0wZDVkZDA2YWUzODYiLCJjb2duaXRvOmdyb3VwcyI6WyJ1cy1lYXN0LTFfQUd5ME8xRHFvX0ludGVsaUFwcEdyeW1hdHRlckF1dGgwIl0sInRva2VuX3VzZSI6ImFjY2VzcyIsInNjb3BlIjoib3BlbmlkIGVtYWlsIiwiYXV0aF90aW1lIjoxNTUwNzYyMDA0LCJpc3MiOiJodHRwczpcL1wvY29nbml0by1pZHAudXMtZWFzdC0xLmFtYXpvbmF3cy5jb21cL3VzLWVhc3QtMV9BR3kwTzFEcW8iLCJleHAiOjE1NTA3NjU2MDQsImlhdCI6MTU1MDc2MjAwNCwidmVyc2lvbiI6MiwianRpIjoiZjgzODk2NDctMjNjOC00YTJjLTk4OWItMDVjZDUwNmRiYjg4IiwiY2xpZW50X2lkIjoiM2FqOG1qMGptZDk5MHU1M2ViaTU3Y3Q4bjgiLCJ1c2VybmFtZSI6IkludGVsaUFwcEdyeW1hdHRlckF1dGgwX2F1dGgwfDViYzczOWZkYzA3YTM1N2FlN2VjNGUzNCJ9.a6ZXpRVq1t8xQHNhgJc1tXPMXQwljJSo9nylGa-f8hbPuo2ake0tXm6bfwG1fjzzIz2nYxZAznW4C5-YanGSUR87YcwyuMXb-XwK0VnS1RJHf5pNnXnJJx70S5KLJ7ScrBHyDPqXsHZmDtxV9oGar-VBBsoHqoJ0Kn1nQI0Pn7VIsHd_iaTgDOoufQFhXKklCYZZoDc_i8homkjnnuMkUAB16sYvytlgXldjeNGhqQn_mE-BDlQgiT9hOy1leyHF5IIOvYOSTEGO6Yrmkk-XcZlo0J6pvXc82ONPFq4fjt41kmsaB2MPEDwx8DXNZqi23I-pFX7OUm7ZU1Uh55d0mg&amp;id_token=eyJraWQiOiJ1RTVxbVwvdk5PemtyWjFKWFBYSXkzY3hwaE00M25rNjBvV1Vsb0I3emt0RT0iLCJhbGciOiJSUzI1NiJ9.eyJhdF9oYXNoIjoiSVFpam5SZU9rLTFFNlY1d3h6cEt6ZyIsInN1YiI6IjE3NTBjMTczLWVmMGEtNDVlMC05YmRjLTBkNWRkMDZhZTM4NiIsImNvZ25pdG86Z3JvdXBzIjpbInVzLWVhc3QtMV9BR3kwTzFEcW9fSW50ZWxpQXBwR3J5bWF0dGVyQXV0aDAiXSwiZW1haWxfdmVyaWZpZWQiOmZhbHNlLCJpc3MiOiJodHRwczpcL1wvY29nbml0by1pZHAudXMtZWFzdC0xLmFtYXpvbmF3cy5jb21cL3VzLWVhc3QtMV9BR3kwTzFEcW8iLCJjb2duaXRvOnVzZXJuYW1lIjoiSW50ZWxpQXBwR3J5bWF0dGVyQXV0aDBfYXV0aDB8NWJjNzM5ZmRjMDdhMzU3YWU3ZWM0ZTM0IiwiYXVkIjoiM2FqOG1qMGptZDk5MHU1M2ViaTU3Y3Q4bjgiLCJpZGVudGl0aWVzIjpbeyJ1c2VySWQiOiJhdXRoMHw1YmM3MzlmZGMwN2EzNTdhZTdlYzRlMzQiLCJwcm92aWRlck5hbWUiOiJJbnRlbGlBcHBHcnltYXR0ZXJBdXRoMCIsInByb3ZpZGVyVHlwZSI6IlNBTUwiLCJpc3N1ZXIiOiJ1cm46aW50ZWxsaWFwcC5hdXRoMC5jb20iLCJwcmltYXJ5IjoidHJ1ZSIsImRhdGVDcmVhdGVkIjoiMTU0MDM0NjEzOTE1NCJ9XSwidG9rZW5fdXNlIjoiaWQiLCJhdXRoX3RpbWUiOjE1NTA3NjIwMDQsImV4cCI6MTU1MDc2NTYwNCwiaWF0IjoxNTUwNzYyMDA0LCJlbWFpbCI6InJ5YW5AZ3J5bWF0dGVyLmNvbSJ9.ZZ1k6n9siToc6ZpbZRG6F0EFK5UzJ68RCTYN1LAGGlYiO54rIdZcoGmaGRPdFVLMy0RnBgOsEKxv8-W7e1heoJj3GHJezXpney80GhxVhpFvu2HjXMNJpzrHBefKJMrjX5EjErFIH8ERGhCM87cupf9MYJSAo0jc3Rnf81R0nAsbvNI4uoyKp_USMKldliDPdRINR74PcJnp04e_Jk4gZ-lVi_xIYHdqBG5WtaexD-IvD5hizNMteywyLKTUTAc5nnTLZOtiAQqwveePIWcF6keJxpMo59p8_liQc5gB4y-vog61U-KRraNQguHIAbUh8Nk-ViPxeAtR2p9Ywt5RtA&amp;token_type=Bearer&amp;expires_in=3600]" type="java.lang.AssertionError"><![CDATA[java.lang.AssertionError: 
The following asserts failed:
	expected [https://inteliserve.unisys] but found [https://inteliserve.unisys.com/demo/dashboard#access_token=eyJraWQiOiIwamR1RkJHTXZsbEdHUHBHd0NqdlB0cldhdXlIWk96TjJiSGNiT3lxbktjPSIsImFsZyI6IlJTMjU2In0.eyJzdWIiOiIxNzUwYzE3My1lZjBhLTQ1ZTAtOWJkYy0wZDVkZDA2YWUzODYiLCJjb2duaXRvOmdyb3VwcyI6WyJ1cy1lYXN0LTFfQUd5ME8xRHFvX0ludGVsaUFwcEdyeW1hdHRlckF1dGgwIl0sInRva2VuX3VzZSI6ImFjY2VzcyIsInNjb3BlIjoib3BlbmlkIGVtYWlsIiwiYXV0aF90aW1lIjoxNTUwNzYyMDA0LCJpc3MiOiJodHRwczpcL1wvY29nbml0by1pZHAudXMtZWFzdC0xLmFtYXpvbmF3cy5jb21cL3VzLWVhc3QtMV9BR3kwTzFEcW8iLCJleHAiOjE1NTA3NjU2MDQsImlhdCI6MTU1MDc2MjAwNCwidmVyc2lvbiI6MiwianRpIjoiZjgzODk2NDctMjNjOC00YTJjLTk4OWItMDVjZDUwNmRiYjg4IiwiY2xpZW50X2lkIjoiM2FqOG1qMGptZDk5MHU1M2ViaTU3Y3Q4bjgiLCJ1c2VybmFtZSI6IkludGVsaUFwcEdyeW1hdHRlckF1dGgwX2F1dGgwfDViYzczOWZkYzA3YTM1N2FlN2VjNGUzNCJ9.a6ZXpRVq1t8xQHNhgJc1tXPMXQwljJSo9nylGa-f8hbPuo2ake0tXm6bfwG1fjzzIz2nYxZAznW4C5-YanGSUR87YcwyuMXb-XwK0VnS1RJHf5pNnXnJJx70S5KLJ7ScrBHyDPqXsHZmDtxV9oGar-VBBsoHqoJ0Kn1nQI0Pn7VIsHd_iaTgDOoufQFhXKklCYZZoDc_i8homkjnnuMkUAB16sYvytlgXldjeNGhqQn_mE-BDlQgiT9hOy1leyHF5IIOvYOSTEGO6Yrmkk-XcZlo0J6pvXc82ONPFq4fjt41kmsaB2MPEDwx8DXNZqi23I-pFX7OUm7ZU1Uh55d0mg&id_token=eyJraWQiOiJ1RTVxbVwvdk5PemtyWjFKWFBYSXkzY3hwaE00M25rNjBvV1Vsb0I3emt0RT0iLCJhbGciOiJSUzI1NiJ9.eyJhdF9oYXNoIjoiSVFpam5SZU9rLTFFNlY1d3h6cEt6ZyIsInN1YiI6IjE3NTBjMTczLWVmMGEtNDVlMC05YmRjLTBkNWRkMDZhZTM4NiIsImNvZ25pdG86Z3JvdXBzIjpbInVzLWVhc3QtMV9BR3kwTzFEcW9fSW50ZWxpQXBwR3J5bWF0dGVyQXV0aDAiXSwiZW1haWxfdmVyaWZpZWQiOmZhbHNlLCJpc3MiOiJodHRwczpcL1wvY29nbml0by1pZHAudXMtZWFzdC0xLmFtYXpvbmF3cy5jb21cL3VzLWVhc3QtMV9BR3kwTzFEcW8iLCJjb2duaXRvOnVzZXJuYW1lIjoiSW50ZWxpQXBwR3J5bWF0dGVyQXV0aDBfYXV0aDB8NWJjNzM5ZmRjMDdhMzU3YWU3ZWM0ZTM0IiwiYXVkIjoiM2FqOG1qMGptZDk5MHU1M2ViaTU3Y3Q4bjgiLCJpZGVudGl0aWVzIjpbeyJ1c2VySWQiOiJhdXRoMHw1YmM3MzlmZGMwN2EzNTdhZTdlYzRlMzQiLCJwcm92aWRlck5hbWUiOiJJbnRlbGlBcHBHcnltYXR0ZXJBdXRoMCIsInByb3ZpZGVyVHlwZSI6IlNBTUwiLCJpc3N1ZXIiOiJ1cm46aW50ZWxsaWFwcC5hdXRoMC5jb20iLCJwcmltYXJ5IjoidHJ1ZSIsImRhdGVDcmVhdGVkIjoiMTU0MDM0NjEzOTE1NCJ9XSwidG9rZW5fdXNlIjoiaWQiLCJhdXRoX3RpbWUiOjE1NTA3NjIwMDQsImV4cCI6MTU1MDc2NTYwNCwiaWF0IjoxNTUwNzYyMDA0LCJlbWFpbCI6InJ5YW5AZ3J5bWF0dGVyLmNvbSJ9.ZZ1k6n9siToc6ZpbZRG6F0EFK5UzJ68RCTYN1LAGGlYiO54rIdZcoGmaGRPdFVLMy0RnBgOsEKxv8-W7e1heoJj3GHJezXpney80GhxVhpFvu2HjXMNJpzrHBefKJMrjX5EjErFIH8ERGhCM87cupf9MYJSAo0jc3Rnf81R0nAsbvNI4uoyKp_USMKldliDPdRINR74PcJnp04e_Jk4gZ-lVi_xIYHdqBG5WtaexD-IvD5hizNMteywyLKTUTAc5nnTLZOtiAQqwveePIWcF6keJxpMo59p8_liQc5gB4y-vog61U-KRraNQguHIAbUh8Nk-ViPxeAtR2p9Ywt5RtA&token_type=Bearer&expires_in=3600]
	at scripts.TestValidLogin.validLogin(TestValidLogin.java:39)
]]></failure>
    <system-err><![CDATA[Starting ChromeDriver 2.31.488763 (092de99f48a300323ecf8c2a4e2e7cab51de5ba8) on port 38859
Only local connections are allowed.
Nov 17, 2019 12:10:27 PM org.openqa.selenium.remote.ProtocolHandshake createSession
INFO: Detected dialect: OSS
]]></system-err>
  </testcase>
  <testcase name="validLoginValidatioin" classname="scripts.TestLoginWithoutValidation" time="12.823">
    <failure message="The following asserts failed:&#10;	expected [https://inteliserve.unisys.com/demo/dashboard] but found [https://inteliserve.unisys.com/demo/dashboard#access_token=eyJraWQiOiIwamR1RkJHTXZsbEdHUHBHd0NqdlB0cldhdXlIWk96TjJiSGNiT3lxbktjPSIsImFsZyI6IlJTMjU2In0.eyJzdWIiOiIxNzUwYzE3My1lZjBhLTQ1ZTAtOWJkYy0wZDVkZDA2YWUzODYiLCJjb2duaXRvOmdyb3VwcyI6WyJ1cy1lYXN0LTFfQUd5ME8xRHFvX0ludGVsaUFwcEdyeW1hdHRlckF1dGgwIl0sInRva2VuX3VzZSI6ImFjY2VzcyIsInNjb3BlIjoib3BlbmlkIGVtYWlsIiwiYXV0aF90aW1lIjoxNTUwNzYyMDA0LCJpc3MiOiJodHRwczpcL1wvY29nbml0by1pZHAudXMtZWFzdC0xLmFtYXpvbmF3cy5jb21cL3VzLWVhc3QtMV9BR3kwTzFEcW8iLCJleHAiOjE1NTA3NjU2MDQsImlhdCI6MTU1MDc2MjAwNCwidmVyc2lvbiI6MiwianRpIjoiZjgzODk2NDctMjNjOC00YTJjLTk4OWItMDVjZDUwNmRiYjg4IiwiY2xpZW50X2lkIjoiM2FqOG1qMGptZDk5MHU1M2ViaTU3Y3Q4bjgiLCJ1c2VybmFtZSI6IkludGVsaUFwcEdyeW1hdHRlckF1dGgwX2F1dGgwfDViYzczOWZkYzA3YTM1N2FlN2VjNGUzNCJ9.a6ZXpRVq1t8xQHNhgJc1tXPMXQwljJSo9nylGa-f8hbPuo2ake0tXm6bfwG1fjzzIz2nYxZAznW4C5-YanGSUR87YcwyuMXb-XwK0VnS1RJHf5pNnXnJJx70S5KLJ7ScrBHyDPqXsHZmDtxV9oGar-VBBsoHqoJ0Kn1nQI0Pn7VIsHd_iaTgDOoufQFhXKklCYZZoDc_i8homkjnnuMkUAB16sYvytlgXldjeNGhqQn_mE-BDlQgiT9hOy1leyHF5IIOvYOSTEGO6Yrmkk-XcZlo0J6pvXc82ONPFq4fjt41kmsaB2MPEDwx8DXNZqi23I-pFX7OUm7ZU1Uh55d0mg&amp;id_token=eyJraWQiOiJ1RTVxbVwvdk5PemtyWjFKWFBYSXkzY3hwaE00M25rNjBvV1Vsb0I3emt0RT0iLCJhbGciOiJSUzI1NiJ9.eyJhdF9oYXNoIjoiSVFpam5SZU9rLTFFNlY1d3h6cEt6ZyIsInN1YiI6IjE3NTBjMTczLWVmMGEtNDVlMC05YmRjLTBkNWRkMDZhZTM4NiIsImNvZ25pdG86Z3JvdXBzIjpbInVzLWVhc3QtMV9BR3kwTzFEcW9fSW50ZWxpQXBwR3J5bWF0dGVyQXV0aDAiXSwiZW1haWxfdmVyaWZpZWQiOmZhbHNlLCJpc3MiOiJodHRwczpcL1wvY29nbml0by1pZHAudXMtZWFzdC0xLmFtYXpvbmF3cy5jb21cL3VzLWVhc3QtMV9BR3kwTzFEcW8iLCJjb2duaXRvOnVzZXJuYW1lIjoiSW50ZWxpQXBwR3J5bWF0dGVyQXV0aDBfYXV0aDB8NWJjNzM5ZmRjMDdhMzU3YWU3ZWM0ZTM0IiwiYXVkIjoiM2FqOG1qMGptZDk5MHU1M2ViaTU3Y3Q4bjgiLCJpZGVudGl0aWVzIjpbeyJ1c2VySWQiOiJhdXRoMHw1YmM3MzlmZGMwN2EzNTdhZTdlYzRlMzQiLCJwcm92aWRlck5hbWUiOiJJbnRlbGlBcHBHcnltYXR0ZXJBdXRoMCIsInByb3ZpZGVyVHlwZSI6IlNBTUwiLCJpc3N1ZXIiOiJ1cm46aW50ZWxsaWFwcC5hdXRoMC5jb20iLCJwcmltYXJ5IjoidHJ1ZSIsImRhdGVDcmVhdGVkIjoiMTU0MDM0NjEzOTE1NCJ9XSwidG9rZW5fdXNlIjoiaWQiLCJhdXRoX3RpbWUiOjE1NTA3NjIwMDQsImV4cCI6MTU1MDc2NTYwNCwiaWF0IjoxNTUwNzYyMDA0LCJlbWFpbCI6InJ5YW5AZ3J5bWF0dGVyLmNvbSJ9.ZZ1k6n9siToc6ZpbZRG6F0EFK5UzJ68RCTYN1LAGGlYiO54rIdZcoGmaGRPdFVLMy0RnBgOsEKxv8-W7e1heoJj3GHJezXpney80GhxVhpFvu2HjXMNJpzrHBefKJMrjX5EjErFIH8ERGhCM87cupf9MYJSAo0jc3Rnf81R0nAsbvNI4uoyKp_USMKldliDPdRINR74PcJnp04e_Jk4gZ-lVi_xIYHdqBG5WtaexD-IvD5hizNMteywyLKTUTAc5nnTLZOtiAQqwveePIWcF6keJxpMo59p8_liQc5gB4y-vog61U-KRraNQguHIAbUh8Nk-ViPxeAtR2p9Ywt5RtA&amp;token_type=Bearer&amp;expires_in=3600]" type="java.lang.AssertionError"><![CDATA[java.lang.AssertionError: 
The following asserts failed:
	expected [https://inteliserve.unisys.com/demo/dashboard] but found [https://inteliserve.unisys.com/demo/dashboard#access_token=eyJraWQiOiIwamR1RkJHTXZsbEdHUHBHd0NqdlB0cldhdXlIWk96TjJiSGNiT3lxbktjPSIsImFsZyI6IlJTMjU2In0.eyJzdWIiOiIxNzUwYzE3My1lZjBhLTQ1ZTAtOWJkYy0wZDVkZDA2YWUzODYiLCJjb2duaXRvOmdyb3VwcyI6WyJ1cy1lYXN0LTFfQUd5ME8xRHFvX0ludGVsaUFwcEdyeW1hdHRlckF1dGgwIl0sInRva2VuX3VzZSI6ImFjY2VzcyIsInNjb3BlIjoib3BlbmlkIGVtYWlsIiwiYXV0aF90aW1lIjoxNTUwNzYyMDA0LCJpc3MiOiJodHRwczpcL1wvY29nbml0by1pZHAudXMtZWFzdC0xLmFtYXpvbmF3cy5jb21cL3VzLWVhc3QtMV9BR3kwTzFEcW8iLCJleHAiOjE1NTA3NjU2MDQsImlhdCI6MTU1MDc2MjAwNCwidmVyc2lvbiI6MiwianRpIjoiZjgzODk2NDctMjNjOC00YTJjLTk4OWItMDVjZDUwNmRiYjg4IiwiY2xpZW50X2lkIjoiM2FqOG1qMGptZDk5MHU1M2ViaTU3Y3Q4bjgiLCJ1c2VybmFtZSI6IkludGVsaUFwcEdyeW1hdHRlckF1dGgwX2F1dGgwfDViYzczOWZkYzA3YTM1N2FlN2VjNGUzNCJ9.a6ZXpRVq1t8xQHNhgJc1tXPMXQwljJSo9nylGa-f8hbPuo2ake0tXm6bfwG1fjzzIz2nYxZAznW4C5-YanGSUR87YcwyuMXb-XwK0VnS1RJHf5pNnXnJJx70S5KLJ7ScrBHyDPqXsHZmDtxV9oGar-VBBsoHqoJ0Kn1nQI0Pn7VIsHd_iaTgDOoufQFhXKklCYZZoDc_i8homkjnnuMkUAB16sYvytlgXldjeNGhqQn_mE-BDlQgiT9hOy1leyHF5IIOvYOSTEGO6Yrmkk-XcZlo0J6pvXc82ONPFq4fjt41kmsaB2MPEDwx8DXNZqi23I-pFX7OUm7ZU1Uh55d0mg&id_token=eyJraWQiOiJ1RTVxbVwvdk5PemtyWjFKWFBYSXkzY3hwaE00M25rNjBvV1Vsb0I3emt0RT0iLCJhbGciOiJSUzI1NiJ9.eyJhdF9oYXNoIjoiSVFpam5SZU9rLTFFNlY1d3h6cEt6ZyIsInN1YiI6IjE3NTBjMTczLWVmMGEtNDVlMC05YmRjLTBkNWRkMDZhZTM4NiIsImNvZ25pdG86Z3JvdXBzIjpbInVzLWVhc3QtMV9BR3kwTzFEcW9fSW50ZWxpQXBwR3J5bWF0dGVyQXV0aDAiXSwiZW1haWxfdmVyaWZpZWQiOmZhbHNlLCJpc3MiOiJodHRwczpcL1wvY29nbml0by1pZHAudXMtZWFzdC0xLmFtYXpvbmF3cy5jb21cL3VzLWVhc3QtMV9BR3kwTzFEcW8iLCJjb2duaXRvOnVzZXJuYW1lIjoiSW50ZWxpQXBwR3J5bWF0dGVyQXV0aDBfYXV0aDB8NWJjNzM5ZmRjMDdhMzU3YWU3ZWM0ZTM0IiwiYXVkIjoiM2FqOG1qMGptZDk5MHU1M2ViaTU3Y3Q4bjgiLCJpZGVudGl0aWVzIjpbeyJ1c2VySWQiOiJhdXRoMHw1YmM3MzlmZGMwN2EzNTdhZTdlYzRlMzQiLCJwcm92aWRlck5hbWUiOiJJbnRlbGlBcHBHcnltYXR0ZXJBdXRoMCIsInByb3ZpZGVyVHlwZSI6IlNBTUwiLCJpc3N1ZXIiOiJ1cm46aW50ZWxsaWFwcC5hdXRoMC5jb20iLCJwcmltYXJ5IjoidHJ1ZSIsImRhdGVDcmVhdGVkIjoiMTU0MDM0NjEzOTE1NCJ9XSwidG9rZW5fdXNlIjoiaWQiLCJhdXRoX3RpbWUiOjE1NTA3NjIwMDQsImV4cCI6MTU1MDc2NTYwNCwiaWF0IjoxNTUwNzYyMDA0LCJlbWFpbCI6InJ5YW5AZ3J5bWF0dGVyLmNvbSJ9.ZZ1k6n9siToc6ZpbZRG6F0EFK5UzJ68RCTYN1LAGGlYiO54rIdZcoGmaGRPdFVLMy0RnBgOsEKxv8-W7e1heoJj3GHJezXpney80GhxVhpFvu2HjXMNJpzrHBefKJMrjX5EjErFIH8ERGhCM87cupf9MYJSAo0jc3Rnf81R0nAsbvNI4uoyKp_USMKldliDPdRINR74PcJnp04e_Jk4gZ-lVi_xIYHdqBG5WtaexD-IvD5hizNMteywyLKTUTAc5nnTLZOtiAQqwveePIWcF6keJxpMo59p8_liQc5gB4y-vog61U-KRraNQguHIAbUh8Nk-ViPxeAtR2p9Ywt5RtA&token_type=Bearer&expires_in=3600]
	at scripts.TestLoginWithoutValidation.validLoginValidatioin(TestLoginWithoutValidation.java:39)
]]></failure>
    <system-out><![CDATA[https://inteliserve.unisys.com/demo/dashboard#access_token=eyJraWQiOiIwamR1RkJHTXZsbEdHUHBHd0NqdlB0cldhdXlIWk96TjJiSGNiT3lxbktjPSIsImFsZyI6IlJTMjU2In0.eyJzdWIiOiIxNzUwYzE3My1lZjBhLTQ1ZTAtOWJkYy0wZDVkZDA2YWUzODYiLCJjb2duaXRvOmdyb3VwcyI6WyJ1cy1lYXN0LTFfQUd5ME8xRHFvX0ludGVsaUFwcEdyeW1hdHRlckF1dGgwIl0sInRva2VuX3VzZSI6ImFjY2VzcyIsInNjb3BlIjoib3BlbmlkIGVtYWlsIiwiYXV0aF90aW1lIjoxNTUwNzYyMDA0LCJpc3MiOiJodHRwczpcL1wvY29nbml0by1pZHAudXMtZWFzdC0xLmFtYXpvbmF3cy5jb21cL3VzLWVhc3QtMV9BR3kwTzFEcW8iLCJleHAiOjE1NTA3NjU2MDQsImlhdCI6MTU1MDc2MjAwNCwidmVyc2lvbiI6MiwianRpIjoiZjgzODk2NDctMjNjOC00YTJjLTk4OWItMDVjZDUwNmRiYjg4IiwiY2xpZW50X2lkIjoiM2FqOG1qMGptZDk5MHU1M2ViaTU3Y3Q4bjgiLCJ1c2VybmFtZSI6IkludGVsaUFwcEdyeW1hdHRlckF1dGgwX2F1dGgwfDViYzczOWZkYzA3YTM1N2FlN2VjNGUzNCJ9.a6ZXpRVq1t8xQHNhgJc1tXPMXQwljJSo9nylGa-f8hbPuo2ake0tXm6bfwG1fjzzIz2nYxZAznW4C5-YanGSUR87YcwyuMXb-XwK0VnS1RJHf5pNnXnJJx70S5KLJ7ScrBHyDPqXsHZmDtxV9oGar-VBBsoHqoJ0Kn1nQI0Pn7VIsHd_iaTgDOoufQFhXKklCYZZoDc_i8homkjnnuMkUAB16sYvytlgXldjeNGhqQn_mE-BDlQgiT9hOy1leyHF5IIOvYOSTEGO6Yrmkk-XcZlo0J6pvXc82ONPFq4fjt41kmsaB2MPEDwx8DXNZqi23I-pFX7OUm7ZU1Uh55d0mg&id_token=eyJraWQiOiJ1RTVxbVwvdk5PemtyWjFKWFBYSXkzY3hwaE00M25rNjBvV1Vsb0I3emt0RT0iLCJhbGciOiJSUzI1NiJ9.eyJhdF9oYXNoIjoiSVFpam5SZU9rLTFFNlY1d3h6cEt6ZyIsInN1YiI6IjE3NTBjMTczLWVmMGEtNDVlMC05YmRjLTBkNWRkMDZhZTM4NiIsImNvZ25pdG86Z3JvdXBzIjpbInVzLWVhc3QtMV9BR3kwTzFEcW9fSW50ZWxpQXBwR3J5bWF0dGVyQXV0aDAiXSwiZW1haWxfdmVyaWZpZWQiOmZhbHNlLCJpc3MiOiJodHRwczpcL1wvY29nbml0by1pZHAudXMtZWFzdC0xLmFtYXpvbmF3cy5jb21cL3VzLWVhc3QtMV9BR3kwTzFEcW8iLCJjb2duaXRvOnVzZXJuYW1lIjoiSW50ZWxpQXBwR3J5bWF0dGVyQXV0aDBfYXV0aDB8NWJjNzM5ZmRjMDdhMzU3YWU3ZWM0ZTM0IiwiYXVkIjoiM2FqOG1qMGptZDk5MHU1M2ViaTU3Y3Q4bjgiLCJpZGVudGl0aWVzIjpbeyJ1c2VySWQiOiJhdXRoMHw1YmM3MzlmZGMwN2EzNTdhZTdlYzRlMzQiLCJwcm92aWRlck5hbWUiOiJJbnRlbGlBcHBHcnltYXR0ZXJBdXRoMCIsInByb3ZpZGVyVHlwZSI6IlNBTUwiLCJpc3N1ZXIiOiJ1cm46aW50ZWxsaWFwcC5hdXRoMC5jb20iLCJwcmltYXJ5IjoidHJ1ZSIsImRhdGVDcmVhdGVkIjoiMTU0MDM0NjEzOTE1NCJ9XSwidG9rZW5fdXNlIjoiaWQiLCJhdXRoX3RpbWUiOjE1NTA3NjIwMDQsImV4cCI6MTU1MDc2NTYwNCwiaWF0IjoxNTUwNzYyMDA0LCJlbWFpbCI6InJ5YW5AZ3J5bWF0dGVyLmNvbSJ9.ZZ1k6n9siToc6ZpbZRG6F0EFK5UzJ68RCTYN1LAGGlYiO54rIdZcoGmaGRPdFVLMy0RnBgOsEKxv8-W7e1heoJj3GHJezXpney80GhxVhpFvu2HjXMNJpzrHBefKJMrjX5EjErFIH8ERGhCM87cupf9MYJSAo0jc3Rnf81R0nAsbvNI4uoyKp_USMKldliDPdRINR74PcJnp04e_Jk4gZ-lVi_xIYHdqBG5WtaexD-IvD5hizNMteywyLKTUTAc5nnTLZOtiAQqwveePIWcF6keJxpMo59p8_liQc5gB4y-vog61U-KRraNQguHIAbUh8Nk-ViPxeAtR2p9Ywt5RtA&token_type=Bearer&expires_in=3600
]]></system-out>
    <system-err><![CDATA[Starting ChromeDriver 2.31.488763 (092de99f48a300323ecf8c2a4e2e7cab51de5ba8) on port 22106
Only local connections are allowed.
Nov 17, 2019 12:10:47 PM org.openqa.selenium.remote.ProtocolHandshake createSession
INFO: Detected dialect: OSS
]]></system-err>
  </testcase>
  <testcase name="endReport" classname="scripts.TestValidLogin" time="14.236">
    <failure message="Sending the email to the following server failed : na-mailrelay-t3.na.uis.unisys.com:25" type="org.apache.commons.mail.EmailException">org.apache.commons.mail.EmailException: Sending the email to the following server failed : na-mailrelay-t3.na.uis.unisys.com:25
Caused by: com.sun.mail.util.MailConnectException: Couldn't connect to host, port: na-mailrelay-t3.na.uis.unisys.com, 25; timeout 60000
Caused by: java.net.UnknownHostException: na-mailrelay-t3.na.uis.unisys.com
</failure>
    <system-err><![CDATA[log4j:WARN No appenders could be found for logger (freemarker.cache).
log4j:WARN Please initialize the log4j system properly.
log4j:WARN See http://logging.apache.org/log4j/1.2/faq.html#noconfig for more info.
]]></system-err>
  </testcase>
</testsuite>