<?xml version="1.0" encoding="UTF-8"?>
<!-- Generated by org.testng.reporters.JUnitReportReporter -->
<testsuite skipped="0" hostname="in-madhurvk-1" name="scripts.TestLoginWithoutValidation" tests="1" failures="0" timestamp="17 Nov 2019 06:06:33 GMT" time="31.299" errors="0">
  <testcase name="validLoginValidatioin" time="31.299" classname="scripts.TestLoginWithoutValidation"/>
</testsuite> <!-- scripts.TestLoginWithoutValidation -->
