<?xml version="1.0" encoding="UTF-8"?>
<!-- Generated by org.testng.reporters.JUnitReportReporter -->
<testsuite skipped="0" hostname="in-madhurvk-1" name="scripts.TestLoginWithoutValidation" tests="1" failures="0" timestamp="18 Nov 2019 04:21:55 GMT" time="28.077" errors="0">
  <testcase name="validLoginValidatioin" time="28.077" classname="scripts.TestLoginWithoutValidation"/>
</testsuite> <!-- scripts.TestLoginWithoutValidation -->
