<?xml version="1.0" encoding="UTF-8"?>
<!-- Generated by org.testng.reporters.JUnitReportReporter -->
<testsuite skipped="1" hostname="in-madhurvk-1" name="scripts.TestLoginWithoutValidation" tests="1" failures="0" timestamp="23 Nov 2019 02:05:02 GMT" time="0.000" errors="0">
  <testcase name="validLoginValidatioin" time="0.000" classname="scripts.TestLoginWithoutValidation">
    <skipped/>
  </testcase> <!-- validLoginValidatioin -->
</testsuite> <!-- scripts.TestLoginWithoutValidation -->
